Start testing: Feb 18 17:29 東京 (標準時)
----------------------------------------------------------
1/1 Testing: test_my_class
1/1 Test: test_my_class
Command: "C:/Users/ykoyabu/my-project/AutoTest-prototype/SampleApp/build/Debug/test_my_class.exe"
Directory: C:/Users/ykoyabu/my-project/AutoTest-prototype/SampleApp/build
"test_my_class" start time: Feb 18 17:29 東京 (標準時)
Output:
----------------------------------------------------------
Running main() from C:\Users\ykoyabu\my-project\AutoTest-prototype\SampleApp\external\googletest\googletest\src\gtest_main.cc
[==========] Running 2 tests from 2 test suites.
[----------] Global test environment set-up.
[----------] 1 test from TestCaseName
[ RUN      ] TestCaseName.TestName
[       OK ] TestCaseName.TestName (0 ms)
[----------] 1 test from TestCaseName (0 ms total)

[----------] 1 test from MyClassTest
[ RUN      ] MyClassTest.AddTest
[       OK ] MyClassTest.AddTest (0 ms)
[----------] 1 test from MyClassTest (0 ms total)

[----------] Global test environment tear-down
[==========] 2 tests from 2 test suites ran. (0 ms total)
[  PASSED  ] 2 tests.
<end of output>
Test time =   0.05 sec
----------------------------------------------------------
Test Passed.
"test_my_class" end time: Feb 18 17:29 東京 (標準時)
"test_my_class" time elapsed: 00:00:00
----------------------------------------------------------

End testing: Feb 18 17:29 東京 (標準時)
